[2023-10-27 09:43:58.823][INFO ] -------------------app start---------------------------------- [..\..\MainWindow\src\main.cpp:115-int __cdecl main(int,char *[])]
[2023-10-27 09:43:58.883][WARN ] libpng warning: iCCP: known incorrect sRGB profile [image\qpnghandler.cpp:525-void __cdecl qt_png_warning(struct png_struct_def *,const char *)]
[2023-10-27 09:43:59.158][WARN ] libpng warning: iCCP: known incorrect sRGB profile [image\qpnghandler.cpp:525-void __cdecl qt_png_warning(struct png_struct_def *,const char *)]
[2023-10-27 09:44:00.564][DEBUG] vs::GL_COMPILE_STATUS=1 [..\..\MainWindow\src\qt\glwidget.cpp:161-void __cdecl GLWidget::loadYUVShader(void)]
[2023-10-27 09:44:00.564][DEBUG] fs::GL_COMPILE_STATUS=1 [..\..\MainWindow\src\qt\glwidget.cpp:163-void __cdecl GLWidget::loadYUVShader(void)]
[2023-10-27 09:44:00.566][DEBUG] prog_yuv=3 GL_LINK_STATUS=1 [..\..\MainWindow\src\qt\glwidget.cpp:178-void __cdecl GLWidget::loadYUVShader(void)]
[2023-10-27 09:44:00.566][DEBUG] loadYUVShader ok [..\..\MainWindow\src\qt\glwidget.cpp:187-void __cdecl GLWidget::loadYUVShader(void)]
[2023-10-27 09:44:18.570][DEBUG] vs::GL_COMPILE_STATUS=1 [..\..\MainWindow\src\qt\glwidget.cpp:161-void __cdecl GLWidget::loadYUVShader(void)]
[2023-10-27 09:44:18.570][DEBUG] fs::GL_COMPILE_STATUS=1 [..\..\MainWindow\src\qt\glwidget.cpp:163-void __cdecl GLWidget::loadYUVShader(void)]
[2023-10-27 09:44:18.571][DEBUG] prog_yuv=7 GL_LINK_STATUS=1 [..\..\MainWindow\src\qt\glwidget.cpp:178-void __cdecl GLWidget::loadYUVShader(void)]
[2023-10-27 09:44:18.571][DEBUG] loadYUVShader ok [..\..\MainWindow\src\qt\glwidget.cpp:187-void __cdecl GLWidget::loadYUVShader(void)]
[2023-10-27 09:44:18.591][DEBUG] vs::GL_COMPILE_STATUS=1 [..\..\MainWindow\src\qt\glwidget.cpp:161-void __cdecl GLWidget::loadYUVShader(void)]
[2023-10-27 09:44:18.591][DEBUG] fs::GL_COMPILE_STATUS=1 [..\..\MainWindow\src\qt\glwidget.cpp:163-void __cdecl GLWidget::loadYUVShader(void)]
[2023-10-27 09:44:18.592][DEBUG] prog_yuv=10 GL_LINK_STATUS=1 [..\..\MainWindow\src\qt\glwidget.cpp:178-void __cdecl GLWidget::loadYUVShader(void)]
[2023-10-27 09:44:18.592][DEBUG] loadYUVShader ok [..\..\MainWindow\src\qt\glwidget.cpp:187-void __cdecl GLWidget::loadYUVShader(void)]
[2023-10-27 09:44:18.615][DEBUG] vs::GL_COMPILE_STATUS=1 [..\..\MainWindow\src\qt\glwidget.cpp:161-void __cdecl GLWidget::loadYUVShader(void)]
[2023-10-27 09:44:18.615][DEBUG] fs::GL_COMPILE_STATUS=1 [..\..\MainWindow\src\qt\glwidget.cpp:163-void __cdecl GLWidget::loadYUVShader(void)]
[2023-10-27 09:44:18.617][DEBUG] prog_yuv=13 GL_LINK_STATUS=1 [..\..\MainWindow\src\qt\glwidget.cpp:178-void __cdecl GLWidget::loadYUVShader(void)]
[2023-10-27 09:44:18.617][DEBUG] loadYUVShader ok [..\..\MainWindow\src\qt\glwidget.cpp:187-void __cdecl GLWidget::loadYUVShader(void)]
[2023-10-27 09:44:18.636][DEBUG] vs::GL_COMPILE_STATUS=1 [..\..\MainWindow\src\qt\glwidget.cpp:161-void __cdecl GLWidget::loadYUVShader(void)]
[2023-10-27 09:44:18.636][DEBUG] fs::GL_COMPILE_STATUS=1 [..\..\MainWindow\src\qt\glwidget.cpp:163-void __cdecl GLWidget::loadYUVShader(void)]
[2023-10-27 09:44:18.637][DEBUG] prog_yuv=16 GL_LINK_STATUS=1 [..\..\MainWindow\src\qt\glwidget.cpp:178-void __cdecl GLWidget::loadYUVShader(void)]
[2023-10-27 09:44:18.637][DEBUG] loadYUVShader ok [..\..\MainWindow\src\qt\glwidget.cpp:187-void __cdecl GLWidget::loadYUVShader(void)]
[2023-10-27 09:44:18.658][DEBUG] vs::GL_COMPILE_STATUS=1 [..\..\MainWindow\src\qt\glwidget.cpp:161-void __cdecl GLWidget::loadYUVShader(void)]
[2023-10-27 09:44:18.658][DEBUG] fs::GL_COMPILE_STATUS=1 [..\..\MainWindow\src\qt\glwidget.cpp:163-void __cdecl GLWidget::loadYUVShader(void)]
[2023-10-27 09:44:18.659][DEBUG] prog_yuv=19 GL_LINK_STATUS=1 [..\..\MainWindow\src\qt\glwidget.cpp:178-void __cdecl GLWidget::loadYUVShader(void)]
[2023-10-27 09:44:18.659][DEBUG] loadYUVShader ok [..\..\MainWindow\src\qt\glwidget.cpp:187-void __cdecl GLWidget::loadYUVShader(void)]
[2023-10-27 09:44:18.682][DEBUG] vs::GL_COMPILE_STATUS=1 [..\..\MainWindow\src\qt\glwidget.cpp:161-void __cdecl GLWidget::loadYUVShader(void)]
[2023-10-27 09:44:18.682][DEBUG] fs::GL_COMPILE_STATUS=1 [..\..\MainWindow\src\qt\glwidget.cpp:163-void __cdecl GLWidget::loadYUVShader(void)]
[2023-10-27 09:44:18.684][DEBUG] prog_yuv=22 GL_LINK_STATUS=1 [..\..\MainWindow\src\qt\glwidget.cpp:178-void __cdecl GLWidget::loadYUVShader(void)]
[2023-10-27 09:44:18.684][DEBUG] loadYUVShader ok [..\..\MainWindow\src\qt\glwidget.cpp:187-void __cdecl GLWidget::loadYUVShader(void)]
[2023-10-27 09:44:18.703][DEBUG] vs::GL_COMPILE_STATUS=1 [..\..\MainWindow\src\qt\glwidget.cpp:161-void __cdecl GLWidget::loadYUVShader(void)]
[2023-10-27 09:44:18.703][DEBUG] fs::GL_COMPILE_STATUS=1 [..\..\MainWindow\src\qt\glwidget.cpp:163-void __cdecl GLWidget::loadYUVShader(void)]
[2023-10-27 09:44:18.705][DEBUG] prog_yuv=25 GL_LINK_STATUS=1 [..\..\MainWindow\src\qt\glwidget.cpp:178-void __cdecl GLWidget::loadYUVShader(void)]
[2023-10-27 09:44:18.705][DEBUG] loadYUVShader ok [..\..\MainWindow\src\qt\glwidget.cpp:187-void __cdecl GLWidget::loadYUVShader(void)]
[2023-10-27 09:44:18.725][DEBUG] vs::GL_COMPILE_STATUS=1 [..\..\MainWindow\src\qt\glwidget.cpp:161-void __cdecl GLWidget::loadYUVShader(void)]
[2023-10-27 09:44:18.725][DEBUG] fs::GL_COMPILE_STATUS=1 [..\..\MainWindow\src\qt\glwidget.cpp:163-void __cdecl GLWidget::loadYUVShader(void)]
[2023-10-27 09:44:18.727][DEBUG] prog_yuv=28 GL_LINK_STATUS=1 [..\..\MainWindow\src\qt\glwidget.cpp:178-void __cdecl GLWidget::loadYUVShader(void)]
[2023-10-27 09:44:18.727][DEBUG] loadYUVShader ok [..\..\MainWindow\src\qt\glwidget.cpp:187-void __cdecl GLWidget::loadYUVShader(void)]
[2023-10-27 09:44:18.751][DEBUG] vs::GL_COMPILE_STATUS=1 [..\..\MainWindow\src\qt\glwidget.cpp:161-void __cdecl GLWidget::loadYUVShader(void)]
[2023-10-27 09:44:18.751][DEBUG] fs::GL_COMPILE_STATUS=1 [..\..\MainWindow\src\qt\glwidget.cpp:163-void __cdecl GLWidget::loadYUVShader(void)]
[2023-10-27 09:44:18.753][DEBUG] prog_yuv=31 GL_LINK_STATUS=1 [..\..\MainWindow\src\qt\glwidget.cpp:178-void __cdecl GLWidget::loadYUVShader(void)]
[2023-10-27 09:44:18.753][DEBUG] loadYUVShader ok [..\..\MainWindow\src\qt\glwidget.cpp:187-void __cdecl GLWidget::loadYUVShader(void)]
[2023-10-27 09:44:18.773][DEBUG] vs::GL_COMPILE_STATUS=1 [..\..\MainWindow\src\qt\glwidget.cpp:161-void __cdecl GLWidget::loadYUVShader(void)]
[2023-10-27 09:44:18.773][DEBUG] fs::GL_COMPILE_STATUS=1 [..\..\MainWindow\src\qt\glwidget.cpp:163-void __cdecl GLWidget::loadYUVShader(void)]
[2023-10-27 09:44:18.774][DEBUG] prog_yuv=34 GL_LINK_STATUS=1 [..\..\MainWindow\src\qt\glwidget.cpp:178-void __cdecl GLWidget::loadYUVShader(void)]
[2023-10-27 09:44:18.775][DEBUG] loadYUVShader ok [..\..\MainWindow\src\qt\glwidget.cpp:187-void __cdecl GLWidget::loadYUVShader(void)]
[2023-10-27 09:44:18.795][DEBUG] vs::GL_COMPILE_STATUS=1 [..\..\MainWindow\src\qt\glwidget.cpp:161-void __cdecl GLWidget::loadYUVShader(void)]
[2023-10-27 09:44:18.795][DEBUG] fs::GL_COMPILE_STATUS=1 [..\..\MainWindow\src\qt\glwidget.cpp:163-void __cdecl GLWidget::loadYUVShader(void)]
[2023-10-27 09:44:18.796][DEBUG] prog_yuv=37 GL_LINK_STATUS=1 [..\..\MainWindow\src\qt\glwidget.cpp:178-void __cdecl GLWidget::loadYUVShader(void)]
[2023-10-27 09:44:18.796][DEBUG] loadYUVShader ok [..\..\MainWindow\src\qt\glwidget.cpp:187-void __cdecl GLWidget::loadYUVShader(void)]
[2023-10-27 09:44:18.818][DEBUG] vs::GL_COMPILE_STATUS=1 [..\..\MainWindow\src\qt\glwidget.cpp:161-void __cdecl GLWidget::loadYUVShader(void)]
[2023-10-27 09:44:18.818][DEBUG] fs::GL_COMPILE_STATUS=1 [..\..\MainWindow\src\qt\glwidget.cpp:163-void __cdecl GLWidget::loadYUVShader(void)]
[2023-10-27 09:44:18.820][DEBUG] prog_yuv=40 GL_LINK_STATUS=1 [..\..\MainWindow\src\qt\glwidget.cpp:178-void __cdecl GLWidget::loadYUVShader(void)]
[2023-10-27 09:44:18.820][DEBUG] loadYUVShader ok [..\..\MainWindow\src\qt\glwidget.cpp:187-void __cdecl GLWidget::loadYUVShader(void)]
[2023-10-27 09:44:18.840][DEBUG] vs::GL_COMPILE_STATUS=1 [..\..\MainWindow\src\qt\glwidget.cpp:161-void __cdecl GLWidget::loadYUVShader(void)]
[2023-10-27 09:44:18.840][DEBUG] fs::GL_COMPILE_STATUS=1 [..\..\MainWindow\src\qt\glwidget.cpp:163-void __cdecl GLWidget::loadYUVShader(void)]
[2023-10-27 09:44:18.842][DEBUG] prog_yuv=43 GL_LINK_STATUS=1 [..\..\MainWindow\src\qt\glwidget.cpp:178-void __cdecl GLWidget::loadYUVShader(void)]
[2023-10-27 09:44:18.842][DEBUG] loadYUVShader ok [..\..\MainWindow\src\qt\glwidget.cpp:187-void __cdecl GLWidget::loadYUVShader(void)]
[2023-10-27 09:44:18.862][DEBUG] vs::GL_COMPILE_STATUS=1 [..\..\MainWindow\src\qt\glwidget.cpp:161-void __cdecl GLWidget::loadYUVShader(void)]
[2023-10-27 09:44:18.862][DEBUG] fs::GL_COMPILE_STATUS=1 [..\..\MainWindow\src\qt\glwidget.cpp:163-void __cdecl GLWidget::loadYUVShader(void)]
[2023-10-27 09:44:18.864][DEBUG] prog_yuv=46 GL_LINK_STATUS=1 [..\..\MainWindow\src\qt\glwidget.cpp:178-void __cdecl GLWidget::loadYUVShader(void)]
[2023-10-27 09:44:18.864][DEBUG] loadYUVShader ok [..\..\MainWindow\src\qt\glwidget.cpp:187-void __cdecl GLWidget::loadYUVShader(void)]
[2023-10-27 09:44:18.886][DEBUG] vs::GL_COMPILE_STATUS=1 [..\..\MainWindow\src\qt\glwidget.cpp:161-void __cdecl GLWidget::loadYUVShader(void)]
[2023-10-27 09:44:18.886][DEBUG] fs::GL_COMPILE_STATUS=1 [..\..\MainWindow\src\qt\glwidget.cpp:163-void __cdecl GLWidget::loadYUVShader(void)]
[2023-10-27 09:44:18.888][DEBUG] prog_yuv=49 GL_LINK_STATUS=1 [..\..\MainWindow\src\qt\glwidget.cpp:178-void __cdecl GLWidget::loadYUVShader(void)]
[2023-10-27 09:44:18.888][DEBUG] loadYUVShader ok [..\..\MainWindow\src\qt\glwidget.cpp:187-void __cdecl GLWidget::loadYUVShader(void)]
[2023-10-27 09:44:18.909][DEBUG] vs::GL_COMPILE_STATUS=1 [..\..\MainWindow\src\qt\glwidget.cpp:161-void __cdecl GLWidget::loadYUVShader(void)]
[2023-10-27 09:44:18.909][DEBUG] fs::GL_COMPILE_STATUS=1 [..\..\MainWindow\src\qt\glwidget.cpp:163-void __cdecl GLWidget::loadYUVShader(void)]
[2023-10-27 09:44:18.911][DEBUG] prog_yuv=52 GL_LINK_STATUS=1 [..\..\MainWindow\src\qt\glwidget.cpp:178-void __cdecl GLWidget::loadYUVShader(void)]
[2023-10-27 09:44:18.911][DEBUG] loadYUVShader ok [..\..\MainWindow\src\qt\glwidget.cpp:187-void __cdecl GLWidget::loadYUVShader(void)]
[2023-10-27 09:44:18.930][DEBUG] vs::GL_COMPILE_STATUS=1 [..\..\MainWindow\src\qt\glwidget.cpp:161-void __cdecl GLWidget::loadYUVShader(void)]
[2023-10-27 09:44:18.930][DEBUG] fs::GL_COMPILE_STATUS=1 [..\..\MainWindow\src\qt\glwidget.cpp:163-void __cdecl GLWidget::loadYUVShader(void)]
[2023-10-27 09:44:18.932][DEBUG] prog_yuv=55 GL_LINK_STATUS=1 [..\..\MainWindow\src\qt\glwidget.cpp:178-void __cdecl GLWidget::loadYUVShader(void)]
[2023-10-27 09:44:18.932][DEBUG] loadYUVShader ok [..\..\MainWindow\src\qt\glwidget.cpp:187-void __cdecl GLWidget::loadYUVShader(void)]
[2023-10-27 09:44:18.956][DEBUG] vs::GL_COMPILE_STATUS=1 [..\..\MainWindow\src\qt\glwidget.cpp:161-void __cdecl GLWidget::loadYUVShader(void)]
[2023-10-27 09:44:18.956][DEBUG] fs::GL_COMPILE_STATUS=1 [..\..\MainWindow\src\qt\glwidget.cpp:163-void __cdecl GLWidget::loadYUVShader(void)]
[2023-10-27 09:44:18.958][DEBUG] prog_yuv=58 GL_LINK_STATUS=1 [..\..\MainWindow\src\qt\glwidget.cpp:178-void __cdecl GLWidget::loadYUVShader(void)]
[2023-10-27 09:44:18.958][DEBUG] loadYUVShader ok [..\..\MainWindow\src\qt\glwidget.cpp:187-void __cdecl GLWidget::loadYUVShader(void)]
[2023-10-27 09:44:18.979][DEBUG] vs::GL_COMPILE_STATUS=1 [..\..\MainWindow\src\qt\glwidget.cpp:161-void __cdecl GLWidget::loadYUVShader(void)]
[2023-10-27 09:44:18.979][DEBUG] fs::GL_COMPILE_STATUS=1 [..\..\MainWindow\src\qt\glwidget.cpp:163-void __cdecl GLWidget::loadYUVShader(void)]
[2023-10-27 09:44:18.980][DEBUG] prog_yuv=61 GL_LINK_STATUS=1 [..\..\MainWindow\src\qt\glwidget.cpp:178-void __cdecl GLWidget::loadYUVShader(void)]
[2023-10-27 09:44:18.980][DEBUG] loadYUVShader ok [..\..\MainWindow\src\qt\glwidget.cpp:187-void __cdecl GLWidget::loadYUVShader(void)]
[2023-10-27 09:44:19.004][DEBUG] vs::GL_COMPILE_STATUS=1 [..\..\MainWindow\src\qt\glwidget.cpp:161-void __cdecl GLWidget::loadYUVShader(void)]
[2023-10-27 09:44:19.005][DEBUG] fs::GL_COMPILE_STATUS=1 [..\..\MainWindow\src\qt\glwidget.cpp:163-void __cdecl GLWidget::loadYUVShader(void)]
[2023-10-27 09:44:19.006][DEBUG] prog_yuv=64 GL_LINK_STATUS=1 [..\..\MainWindow\src\qt\glwidget.cpp:178-void __cdecl GLWidget::loadYUVShader(void)]
[2023-10-27 09:44:19.006][DEBUG] loadYUVShader ok [..\..\MainWindow\src\qt\glwidget.cpp:187-void __cdecl GLWidget::loadYUVShader(void)]
[2023-10-27 09:44:19.028][DEBUG] vs::GL_COMPILE_STATUS=1 [..\..\MainWindow\src\qt\glwidget.cpp:161-void __cdecl GLWidget::loadYUVShader(void)]
[2023-10-27 09:44:19.028][DEBUG] fs::GL_COMPILE_STATUS=1 [..\..\MainWindow\src\qt\glwidget.cpp:163-void __cdecl GLWidget::loadYUVShader(void)]
[2023-10-27 09:44:19.030][DEBUG] prog_yuv=67 GL_LINK_STATUS=1 [..\..\MainWindow\src\qt\glwidget.cpp:178-void __cdecl GLWidget::loadYUVShader(void)]
[2023-10-27 09:44:19.030][DEBUG] loadYUVShader ok [..\..\MainWindow\src\qt\glwidget.cpp:187-void __cdecl GLWidget::loadYUVShader(void)]
[2023-10-27 09:44:19.051][DEBUG] vs::GL_COMPILE_STATUS=1 [..\..\MainWindow\src\qt\glwidget.cpp:161-void __cdecl GLWidget::loadYUVShader(void)]
[2023-10-27 09:44:19.051][DEBUG] fs::GL_COMPILE_STATUS=1 [..\..\MainWindow\src\qt\glwidget.cpp:163-void __cdecl GLWidget::loadYUVShader(void)]
[2023-10-27 09:44:19.053][DEBUG] prog_yuv=70 GL_LINK_STATUS=1 [..\..\MainWindow\src\qt\glwidget.cpp:178-void __cdecl GLWidget::loadYUVShader(void)]
[2023-10-27 09:44:19.053][DEBUG] loadYUVShader ok [..\..\MainWindow\src\qt\glwidget.cpp:187-void __cdecl GLWidget::loadYUVShader(void)]
[2023-10-27 09:44:19.073][DEBUG] vs::GL_COMPILE_STATUS=1 [..\..\MainWindow\src\qt\glwidget.cpp:161-void __cdecl GLWidget::loadYUVShader(void)]
[2023-10-27 09:44:19.073][DEBUG] fs::GL_COMPILE_STATUS=1 [..\..\MainWindow\src\qt\glwidget.cpp:163-void __cdecl GLWidget::loadYUVShader(void)]
[2023-10-27 09:44:19.075][DEBUG] prog_yuv=73 GL_LINK_STATUS=1 [..\..\MainWindow\src\qt\glwidget.cpp:178-void __cdecl GLWidget::loadYUVShader(void)]
[2023-10-27 09:44:19.075][DEBUG] loadYUVShader ok [..\..\MainWindow\src\qt\glwidget.cpp:187-void __cdecl GLWidget::loadYUVShader(void)]
[2023-10-27 09:44:19.096][DEBUG] vs::GL_COMPILE_STATUS=1 [..\..\MainWindow\src\qt\glwidget.cpp:161-void __cdecl GLWidget::loadYUVShader(void)]
[2023-10-27 09:44:19.096][DEBUG] fs::GL_COMPILE_STATUS=1 [..\..\MainWindow\src\qt\glwidget.cpp:163-void __cdecl GLWidget::loadYUVShader(void)]
[2023-10-27 09:44:19.098][DEBUG] prog_yuv=76 GL_LINK_STATUS=1 [..\..\MainWindow\src\qt\glwidget.cpp:178-void __cdecl GLWidget::loadYUVShader(void)]
[2023-10-27 09:44:19.098][DEBUG] loadYUVShader ok [..\..\MainWindow\src\qt\glwidget.cpp:187-void __cdecl GLWidget::loadYUVShader(void)]
[2023-10-27 09:44:19.119][DEBUG] vs::GL_COMPILE_STATUS=1 [..\..\MainWindow\src\qt\glwidget.cpp:161-void __cdecl GLWidget::loadYUVShader(void)]
[2023-10-27 09:44:19.119][DEBUG] fs::GL_COMPILE_STATUS=1 [..\..\MainWindow\src\qt\glwidget.cpp:163-void __cdecl GLWidget::loadYUVShader(void)]
[2023-10-27 09:44:19.121][DEBUG] prog_yuv=79 GL_LINK_STATUS=1 [..\..\MainWindow\src\qt\glwidget.cpp:178-void __cdecl GLWidget::loadYUVShader(void)]
[2023-10-27 09:44:19.121][DEBUG] loadYUVShader ok [..\..\MainWindow\src\qt\glwidget.cpp:187-void __cdecl GLWidget::loadYUVShader(void)]
[2023-10-27 09:44:19.141][DEBUG] vs::GL_COMPILE_STATUS=1 [..\..\MainWindow\src\qt\glwidget.cpp:161-void __cdecl GLWidget::loadYUVShader(void)]
[2023-10-27 09:44:19.141][DEBUG] fs::GL_COMPILE_STATUS=1 [..\..\MainWindow\src\qt\glwidget.cpp:163-void __cdecl GLWidget::loadYUVShader(void)]
[2023-10-27 09:44:19.143][DEBUG] prog_yuv=82 GL_LINK_STATUS=1 [..\..\MainWindow\src\qt\glwidget.cpp:178-void __cdecl GLWidget::loadYUVShader(void)]
[2023-10-27 09:44:19.143][DEBUG] loadYUVShader ok [..\..\MainWindow\src\qt\glwidget.cpp:187-void __cdecl GLWidget::loadYUVShader(void)]
[2023-10-27 09:44:19.163][DEBUG] vs::GL_COMPILE_STATUS=1 [..\..\MainWindow\src\qt\glwidget.cpp:161-void __cdecl GLWidget::loadYUVShader(void)]
[2023-10-27 09:44:19.163][DEBUG] fs::GL_COMPILE_STATUS=1 [..\..\MainWindow\src\qt\glwidget.cpp:163-void __cdecl GLWidget::loadYUVShader(void)]
[2023-10-27 09:44:19.165][DEBUG] prog_yuv=85 GL_LINK_STATUS=1 [..\..\MainWindow\src\qt\glwidget.cpp:178-void __cdecl GLWidget::loadYUVShader(void)]
[2023-10-27 09:44:19.165][DEBUG] loadYUVShader ok [..\..\MainWindow\src\qt\glwidget.cpp:187-void __cdecl GLWidget::loadYUVShader(void)]
[2023-10-27 09:44:19.187][DEBUG] vs::GL_COMPILE_STATUS=1 [..\..\MainWindow\src\qt\glwidget.cpp:161-void __cdecl GLWidget::loadYUVShader(void)]
[2023-10-27 09:44:19.187][DEBUG] fs::GL_COMPILE_STATUS=1 [..\..\MainWindow\src\qt\glwidget.cpp:163-void __cdecl GLWidget::loadYUVShader(void)]
[2023-10-27 09:44:19.189][DEBUG] prog_yuv=88 GL_LINK_STATUS=1 [..\..\MainWindow\src\qt\glwidget.cpp:178-void __cdecl GLWidget::loadYUVShader(void)]
[2023-10-27 09:44:19.189][DEBUG] loadYUVShader ok [..\..\MainWindow\src\qt\glwidget.cpp:187-void __cdecl GLWidget::loadYUVShader(void)]
[2023-10-27 09:44:19.209][DEBUG] vs::GL_COMPILE_STATUS=1 [..\..\MainWindow\src\qt\glwidget.cpp:161-void __cdecl GLWidget::loadYUVShader(void)]
[2023-10-27 09:44:19.209][DEBUG] fs::GL_COMPILE_STATUS=1 [..\..\MainWindow\src\qt\glwidget.cpp:163-void __cdecl GLWidget::loadYUVShader(void)]
[2023-10-27 09:44:19.211][DEBUG] prog_yuv=91 GL_LINK_STATUS=1 [..\..\MainWindow\src\qt\glwidget.cpp:178-void __cdecl GLWidget::loadYUVShader(void)]
[2023-10-27 09:44:19.211][DEBUG] loadYUVShader ok [..\..\MainWindow\src\qt\glwidget.cpp:187-void __cdecl GLWidget::loadYUVShader(void)]
[2023-10-27 09:44:19.230][DEBUG] vs::GL_COMPILE_STATUS=1 [..\..\MainWindow\src\qt\glwidget.cpp:161-void __cdecl GLWidget::loadYUVShader(void)]
[2023-10-27 09:44:19.230][DEBUG] fs::GL_COMPILE_STATUS=1 [..\..\MainWindow\src\qt\glwidget.cpp:163-void __cdecl GLWidget::loadYUVShader(void)]
[2023-10-27 09:44:19.232][DEBUG] prog_yuv=94 GL_LINK_STATUS=1 [..\..\MainWindow\src\qt\glwidget.cpp:178-void __cdecl GLWidget::loadYUVShader(void)]
[2023-10-27 09:44:19.232][DEBUG] loadYUVShader ok [..\..\MainWindow\src\qt\glwidget.cpp:187-void __cdecl GLWidget::loadYUVShader(void)]
[2023-10-27 09:44:19.252][DEBUG] vs::GL_COMPILE_STATUS=1 [..\..\MainWindow\src\qt\glwidget.cpp:161-void __cdecl GLWidget::loadYUVShader(void)]
[2023-10-27 09:44:19.252][DEBUG] fs::GL_COMPILE_STATUS=1 [..\..\MainWindow\src\qt\glwidget.cpp:163-void __cdecl GLWidget::loadYUVShader(void)]
[2023-10-27 09:44:19.254][DEBUG] prog_yuv=97 GL_LINK_STATUS=1 [..\..\MainWindow\src\qt\glwidget.cpp:178-void __cdecl GLWidget::loadYUVShader(void)]
[2023-10-27 09:44:19.254][DEBUG] loadYUVShader ok [..\..\MainWindow\src\qt\glwidget.cpp:187-void __cdecl GLWidget::loadYUVShader(void)]
[2023-10-27 09:44:19.274][DEBUG] vs::GL_COMPILE_STATUS=1 [..\..\MainWindow\src\qt\glwidget.cpp:161-void __cdecl GLWidget::loadYUVShader(void)]
[2023-10-27 09:44:19.274][DEBUG] fs::GL_COMPILE_STATUS=1 [..\..\MainWindow\src\qt\glwidget.cpp:163-void __cdecl GLWidget::loadYUVShader(void)]
[2023-10-27 09:44:19.276][DEBUG] prog_yuv=100 GL_LINK_STATUS=1 [..\..\MainWindow\src\qt\glwidget.cpp:178-void __cdecl GLWidget::loadYUVShader(void)]
[2023-10-27 09:44:19.276][DEBUG] loadYUVShader ok [..\..\MainWindow\src\qt\glwidget.cpp:187-void __cdecl GLWidget::loadYUVShader(void)]
[2023-10-27 09:44:19.298][DEBUG] vs::GL_COMPILE_STATUS=1 [..\..\MainWindow\src\qt\glwidget.cpp:161-void __cdecl GLWidget::loadYUVShader(void)]
[2023-10-27 09:44:19.298][DEBUG] fs::GL_COMPILE_STATUS=1 [..\..\MainWindow\src\qt\glwidget.cpp:163-void __cdecl GLWidget::loadYUVShader(void)]
[2023-10-27 09:44:19.300][DEBUG] prog_yuv=103 GL_LINK_STATUS=1 [..\..\MainWindow\src\qt\glwidget.cpp:178-void __cdecl GLWidget::loadYUVShader(void)]
[2023-10-27 09:44:19.300][DEBUG] loadYUVShader ok [..\..\MainWindow\src\qt\glwidget.cpp:187-void __cdecl GLWidget::loadYUVShader(void)]
[2023-10-27 09:44:19.322][DEBUG] vs::GL_COMPILE_STATUS=1 [..\..\MainWindow\src\qt\glwidget.cpp:161-void __cdecl GLWidget::loadYUVShader(void)]
[2023-10-27 09:44:19.322][DEBUG] fs::GL_COMPILE_STATUS=1 [..\..\MainWindow\src\qt\glwidget.cpp:163-void __cdecl GLWidget::loadYUVShader(void)]
[2023-10-27 09:44:19.323][DEBUG] prog_yuv=106 GL_LINK_STATUS=1 [..\..\MainWindow\src\qt\glwidget.cpp:178-void __cdecl GLWidget::loadYUVShader(void)]
[2023-10-27 09:44:19.323][DEBUG] loadYUVShader ok [..\..\MainWindow\src\qt\glwidget.cpp:187-void __cdecl GLWidget::loadYUVShader(void)]
[2023-10-27 09:44:19.345][DEBUG] vs::GL_COMPILE_STATUS=1 [..\..\MainWindow\src\qt\glwidget.cpp:161-void __cdecl GLWidget::loadYUVShader(void)]
[2023-10-27 09:44:19.345][DEBUG] fs::GL_COMPILE_STATUS=1 [..\..\MainWindow\src\qt\glwidget.cpp:163-void __cdecl GLWidget::loadYUVShader(void)]
[2023-10-27 09:44:19.346][DEBUG] prog_yuv=109 GL_LINK_STATUS=1 [..\..\MainWindow\src\qt\glwidget.cpp:178-void __cdecl GLWidget::loadYUVShader(void)]
[2023-10-27 09:44:19.346][DEBUG] loadYUVShader ok [..\..\MainWindow\src\qt\glwidget.cpp:187-void __cdecl GLWidget::loadYUVShader(void)]
[2023-10-27 09:44:19.366][DEBUG] vs::GL_COMPILE_STATUS=1 [..\..\MainWindow\src\qt\glwidget.cpp:161-void __cdecl GLWidget::loadYUVShader(void)]
[2023-10-27 09:44:19.366][DEBUG] fs::GL_COMPILE_STATUS=1 [..\..\MainWindow\src\qt\glwidget.cpp:163-void __cdecl GLWidget::loadYUVShader(void)]
[2023-10-27 09:44:19.367][DEBUG] prog_yuv=112 GL_LINK_STATUS=1 [..\..\MainWindow\src\qt\glwidget.cpp:178-void __cdecl GLWidget::loadYUVShader(void)]
[2023-10-27 09:44:19.367][DEBUG] loadYUVShader ok [..\..\MainWindow\src\qt\glwidget.cpp:187-void __cdecl GLWidget::loadYUVShader(void)]
[2023-10-27 09:44:19.389][DEBUG] vs::GL_COMPILE_STATUS=1 [..\..\MainWindow\src\qt\glwidget.cpp:161-void __cdecl GLWidget::loadYUVShader(void)]
[2023-10-27 09:44:19.389][DEBUG] fs::GL_COMPILE_STATUS=1 [..\..\MainWindow\src\qt\glwidget.cpp:163-void __cdecl GLWidget::loadYUVShader(void)]
[2023-10-27 09:44:19.391][DEBUG] prog_yuv=115 GL_LINK_STATUS=1 [..\..\MainWindow\src\qt\glwidget.cpp:178-void __cdecl GLWidget::loadYUVShader(void)]
[2023-10-27 09:44:19.391][DEBUG] loadYUVShader ok [..\..\MainWindow\src\qt\glwidget.cpp:187-void __cdecl GLWidget::loadYUVShader(void)]
[2023-10-27 09:44:19.412][DEBUG] vs::GL_COMPILE_STATUS=1 [..\..\MainWindow\src\qt\glwidget.cpp:161-void __cdecl GLWidget::loadYUVShader(void)]
[2023-10-27 09:44:19.412][DEBUG] fs::GL_COMPILE_STATUS=1 [..\..\MainWindow\src\qt\glwidget.cpp:163-void __cdecl GLWidget::loadYUVShader(void)]
[2023-10-27 09:44:19.413][DEBUG] prog_yuv=118 GL_LINK_STATUS=1 [..\..\MainWindow\src\qt\glwidget.cpp:178-void __cdecl GLWidget::loadYUVShader(void)]
[2023-10-27 09:44:19.413][DEBUG] loadYUVShader ok [..\..\MainWindow\src\qt\glwidget.cpp:187-void __cdecl GLWidget::loadYUVShader(void)]
[2023-10-27 09:44:19.433][DEBUG] vs::GL_COMPILE_STATUS=1 [..\..\MainWindow\src\qt\glwidget.cpp:161-void __cdecl GLWidget::loadYUVShader(void)]
[2023-10-27 09:44:19.433][DEBUG] fs::GL_COMPILE_STATUS=1 [..\..\MainWindow\src\qt\glwidget.cpp:163-void __cdecl GLWidget::loadYUVShader(void)]
[2023-10-27 09:44:19.434][DEBUG] prog_yuv=121 GL_LINK_STATUS=1 [..\..\MainWindow\src\qt\glwidget.cpp:178-void __cdecl GLWidget::loadYUVShader(void)]
[2023-10-27 09:44:19.434][DEBUG] loadYUVShader ok [..\..\MainWindow\src\qt\glwidget.cpp:187-void __cdecl GLWidget::loadYUVShader(void)]
[2023-10-27 09:44:19.456][DEBUG] vs::GL_COMPILE_STATUS=1 [..\..\MainWindow\src\qt\glwidget.cpp:161-void __cdecl GLWidget::loadYUVShader(void)]
[2023-10-27 09:44:19.456][DEBUG] fs::GL_COMPILE_STATUS=1 [..\..\MainWindow\src\qt\glwidget.cpp:163-void __cdecl GLWidget::loadYUVShader(void)]
[2023-10-27 09:44:19.457][DEBUG] prog_yuv=124 GL_LINK_STATUS=1 [..\..\MainWindow\src\qt\glwidget.cpp:178-void __cdecl GLWidget::loadYUVShader(void)]
[2023-10-27 09:44:19.457][DEBUG] loadYUVShader ok [..\..\MainWindow\src\qt\glwidget.cpp:187-void __cdecl GLWidget::loadYUVShader(void)]
[2023-10-27 09:44:19.477][DEBUG] vs::GL_COMPILE_STATUS=1 [..\..\MainWindow\src\qt\glwidget.cpp:161-void __cdecl GLWidget::loadYUVShader(void)]
[2023-10-27 09:44:19.478][DEBUG] fs::GL_COMPILE_STATUS=1 [..\..\MainWindow\src\qt\glwidget.cpp:163-void __cdecl GLWidget::loadYUVShader(void)]
[2023-10-27 09:44:19.479][DEBUG] prog_yuv=127 GL_LINK_STATUS=1 [..\..\MainWindow\src\qt\glwidget.cpp:178-void __cdecl GLWidget::loadYUVShader(void)]
[2023-10-27 09:44:19.479][DEBUG] loadYUVShader ok [..\..\MainWindow\src\qt\glwidget.cpp:187-void __cdecl GLWidget::loadYUVShader(void)]
[2023-10-27 09:44:19.501][DEBUG] vs::GL_COMPILE_STATUS=1 [..\..\MainWindow\src\qt\glwidget.cpp:161-void __cdecl GLWidget::loadYUVShader(void)]
[2023-10-27 09:44:19.501][DEBUG] fs::GL_COMPILE_STATUS=1 [..\..\MainWindow\src\qt\glwidget.cpp:163-void __cdecl GLWidget::loadYUVShader(void)]
[2023-10-27 09:44:19.503][DEBUG] prog_yuv=130 GL_LINK_STATUS=1 [..\..\MainWindow\src\qt\glwidget.cpp:178-void __cdecl GLWidget::loadYUVShader(void)]
[2023-10-27 09:44:19.503][DEBUG] loadYUVShader ok [..\..\MainWindow\src\qt\glwidget.cpp:187-void __cdecl GLWidget::loadYUVShader(void)]
[2023-10-27 09:44:19.525][DEBUG] vs::GL_COMPILE_STATUS=1 [..\..\MainWindow\src\qt\glwidget.cpp:161-void __cdecl GLWidget::loadYUVShader(void)]
[2023-10-27 09:44:19.525][DEBUG] fs::GL_COMPILE_STATUS=1 [..\..\MainWindow\src\qt\glwidget.cpp:163-void __cdecl GLWidget::loadYUVShader(void)]
[2023-10-27 09:44:19.526][DEBUG] prog_yuv=133 GL_LINK_STATUS=1 [..\..\MainWindow\src\qt\glwidget.cpp:178-void __cdecl GLWidget::loadYUVShader(void)]
[2023-10-27 09:44:19.526][DEBUG] loadYUVShader ok [..\..\MainWindow\src\qt\glwidget.cpp:187-void __cdecl GLWidget::loadYUVShader(void)]
[2023-10-27 09:44:19.550][DEBUG] vs::GL_COMPILE_STATUS=1 [..\..\MainWindow\src\qt\glwidget.cpp:161-void __cdecl GLWidget::loadYUVShader(void)]
[2023-10-27 09:44:19.550][DEBUG] fs::GL_COMPILE_STATUS=1 [..\..\MainWindow\src\qt\glwidget.cpp:163-void __cdecl GLWidget::loadYUVShader(void)]
[2023-10-27 09:44:19.552][DEBUG] prog_yuv=136 GL_LINK_STATUS=1 [..\..\MainWindow\src\qt\glwidget.cpp:178-void __cdecl GLWidget::loadYUVShader(void)]
[2023-10-27 09:44:19.552][DEBUG] loadYUVShader ok [..\..\MainWindow\src\qt\glwidget.cpp:187-void __cdecl GLWidget::loadYUVShader(void)]
[2023-10-27 09:44:19.574][DEBUG] vs::GL_COMPILE_STATUS=1 [..\..\MainWindow\src\qt\glwidget.cpp:161-void __cdecl GLWidget::loadYUVShader(void)]
[2023-10-27 09:44:19.574][DEBUG] fs::GL_COMPILE_STATUS=1 [..\..\MainWindow\src\qt\glwidget.cpp:163-void __cdecl GLWidget::loadYUVShader(void)]
[2023-10-27 09:44:19.576][DEBUG] prog_yuv=139 GL_LINK_STATUS=1 [..\..\MainWindow\src\qt\glwidget.cpp:178-void __cdecl GLWidget::loadYUVShader(void)]
[2023-10-27 09:44:19.576][DEBUG] loadYUVShader ok [..\..\MainWindow\src\qt\glwidget.cpp:187-void __cdecl GLWidget::loadYUVShader(void)]
[2023-10-27 09:44:19.599][DEBUG] vs::GL_COMPILE_STATUS=1 [..\..\MainWindow\src\qt\glwidget.cpp:161-void __cdecl GLWidget::loadYUVShader(void)]
[2023-10-27 09:44:19.599][DEBUG] fs::GL_COMPILE_STATUS=1 [..\..\MainWindow\src\qt\glwidget.cpp:163-void __cdecl GLWidget::loadYUVShader(void)]
[2023-10-27 09:44:19.601][DEBUG] prog_yuv=142 GL_LINK_STATUS=1 [..\..\MainWindow\src\qt\glwidget.cpp:178-void __cdecl GLWidget::loadYUVShader(void)]
[2023-10-27 09:44:19.601][DEBUG] loadYUVShader ok [..\..\MainWindow\src\qt\glwidget.cpp:187-void __cdecl GLWidget::loadYUVShader(void)]
[2023-10-27 09:44:19.622][DEBUG] vs::GL_COMPILE_STATUS=1 [..\..\MainWindow\src\qt\glwidget.cpp:161-void __cdecl GLWidget::loadYUVShader(void)]
[2023-10-27 09:44:19.622][DEBUG] fs::GL_COMPILE_STATUS=1 [..\..\MainWindow\src\qt\glwidget.cpp:163-void __cdecl GLWidget::loadYUVShader(void)]
[2023-10-27 09:44:19.623][DEBUG] prog_yuv=145 GL_LINK_STATUS=1 [..\..\MainWindow\src\qt\glwidget.cpp:178-void __cdecl GLWidget::loadYUVShader(void)]
[2023-10-27 09:44:19.623][DEBUG] loadYUVShader ok [..\..\MainWindow\src\qt\glwidget.cpp:187-void __cdecl GLWidget::loadYUVShader(void)]
[2023-10-27 09:44:19.644][DEBUG] vs::GL_COMPILE_STATUS=1 [..\..\MainWindow\src\qt\glwidget.cpp:161-void __cdecl GLWidget::loadYUVShader(void)]
[2023-10-27 09:44:19.644][DEBUG] fs::GL_COMPILE_STATUS=1 [..\..\MainWindow\src\qt\glwidget.cpp:163-void __cdecl GLWidget::loadYUVShader(void)]
[2023-10-27 09:44:19.646][DEBUG] prog_yuv=148 GL_LINK_STATUS=1 [..\..\MainWindow\src\qt\glwidget.cpp:178-void __cdecl GLWidget::loadYUVShader(void)]
[2023-10-27 09:44:19.646][DEBUG] loadYUVShader ok [..\..\MainWindow\src\qt\glwidget.cpp:187-void __cdecl GLWidget::loadYUVShader(void)]
[2023-10-27 09:44:25.350][INFO ] -------------------app end---------------------------------- [..\..\MainWindow\src\main.cpp:170-int __cdecl main(int,char *[])]
